<?xml version="1.0" encoding="UTF-8"?>
<testng-results ignored="0" total="2" passed="2" failed="0" skipped="0">
  <reporter-output>
  </reporter-output>
  <suite started-at="2026-04-10T02:46:18 EDT" name=" Master Suite" finished-at="2026-04-10T02:46:32 EDT" duration-ms="13648">
    <groups>
      <group name="Master">
        <method signature="TC001_AccountRegistrationTest.verifyAccountRegistration()[pri:0, instance:testCases.TC001_AccountRegistrationTest@4df50bcc]" name="verifyAccountRegistration" class="testCases.TC001_AccountRegistrationTest"/>
        <method signature="TC002_Test_Login.verify_login()[pri:0, instance:testCases.TC002_Test_Login@3c9d0b9d]" name="verify_login" class="testCases.TC002_Test_Login"/>
      </group> <!-- Master -->
      <group name="Sanity">
        <method signature="TC002_Test_Login.verify_login()[pri:0, instance:testCases.TC002_Test_Login@3c9d0b9d]" name="verify_login" class="testCases.TC002_Test_Login"/>
      </group> <!-- Sanity -->
      <group name="Regression">
        <method signature="TC001_AccountRegistrationTest.verifyAccountRegistration()[pri:0, instance:testCases.TC001_AccountRegistrationTest@4df50bcc]" name="verifyAccountRegistration" class="testCases.TC001_AccountRegistrationTest"/>
      </group> <!-- Regression -->
    </groups>
    <test started-at="2026-04-10T02:46:18 EDT" name="Test" finished-at="2026-04-10T02:46:32 EDT" duration-ms="13648">
      <class name="testCases.TC002_Test_Login">
        <test-method is-config="true" signature="setUP(java.lang.String,java.lang.String)[pri:0, instance:testCases.TC002_Test_Login@3c9d0b9d]" started-at="2026-04-10T02:46:26 EDT" name="setUP" finished-at="2026-04-10T02:46:29 EDT" duration-ms="2964" status="PASS">
          <params>
            <param index="0">
              <value>
                <![CDATA[Windows]]>
              </value>
            </param>
            <param index="1">
              <value>
                <![CDATA[chrome]]>
              </value>
            </param>
          </params>
          <reporter-output>
          </reporter-output>
        </test-method> <!-- setUP -->
        <test-method signature="verify_login()[pri:0, instance:testCases.TC002_Test_Login@3c9d0b9d]" started-at="2026-04-10T02:46:29 EDT" name="verify_login" finished-at="2026-04-10T02:46:31 EDT" duration-ms="2524" status="PASS">
          <reporter-output>
          </reporter-output>
        </test-method> <!-- verify_login -->
        <test-method is-config="true" signature="tearDown()[pri:0, instance:testCases.TC002_Test_Login@3c9d0b9d]" started-at="2026-04-10T02:46:31 EDT" name="tearDown" finished-at="2026-04-10T02:46:32 EDT" duration-ms="180" status="PASS">
          <reporter-output>
          </reporter-output>
        </test-method> <!-- tearDown -->
      </class> <!-- testCases.TC002_Test_Login -->
      <class name="testCases.TC001_AccountRegistrationTest">
        <test-method is-config="true" signature="setUP(java.lang.String,java.lang.String)[pri:0, instance:testCases.TC001_AccountRegistrationTest@4df50bcc]" started-at="2026-04-10T02:46:18 EDT" name="setUP" finished-at="2026-04-10T02:46:22 EDT" duration-ms="4244" status="PASS">
          <params>
            <param index="0">
              <value>
                <![CDATA[Windows]]>
              </value>
            </param>
            <param index="1">
              <value>
                <![CDATA[chrome]]>
              </value>
            </param>
          </params>
          <reporter-output>
          </reporter-output>
        </test-method> <!-- setUP -->
        <test-method signature="verifyAccountRegistration()[pri:0, instance:testCases.TC001_AccountRegistrationTest@4df50bcc]" started-at="2026-04-10T02:46:22 EDT" name="verifyAccountRegistration" finished-at="2026-04-10T02:46:26 EDT" duration-ms="3257" status="PASS">
          <reporter-output>
          </reporter-output>
        </test-method> <!-- verifyAccountRegistration -->
        <test-method is-config="true" signature="tearDown()[pri:0, instance:testCases.TC001_AccountRegistrationTest@4df50bcc]" started-at="2026-04-10T02:46:26 EDT" name="tearDown" finished-at="2026-04-10T02:46:26 EDT" duration-ms="227" status="PASS">
          <reporter-output>
          </reporter-output>
        </test-method> <!-- tearDown -->
      </class> <!-- testCases.TC001_AccountRegistrationTest -->
    </test> <!-- Test -->
  </suite> <!--  Master Suite -->
</testng-results>
