<?xml version="1.0" encoding="UTF-8"?>
<testng-results ignored="0" total="2" passed="2" failed="0" skipped="0">
  <reporter-output>
  </reporter-output>
  <suite started-at="2026-04-06T23:25:50 EDT" name=" Master Suite" finished-at="2026-04-06T23:26:03 EDT" duration-ms="13819">
    <groups>
      <group name="Master">
        <method signature="TC001_Add_New_Customer.addNewCustomer()[pri:0, instance:testCases.TC001_Add_New_Customer@60d8c9b7]" name="addNewCustomer" class="testCases.TC001_Add_New_Customer"/>
        <method signature="TC01_LoginTest.logintestVarification()[pri:0, instance:testCases.TC01_LoginTest@794cb805]" name="logintestVarification" class="testCases.TC01_LoginTest"/>
      </group> <!-- Master -->
      <group name="Sanity">
        <method signature="TC01_LoginTest.logintestVarification()[pri:0, instance:testCases.TC01_LoginTest@794cb805]" name="logintestVarification" class="testCases.TC01_LoginTest"/>
      </group> <!-- Sanity -->
      <group name="Regression">
        <method signature="TC001_Add_New_Customer.addNewCustomer()[pri:0, instance:testCases.TC001_Add_New_Customer@60d8c9b7]" name="addNewCustomer" class="testCases.TC001_Add_New_Customer"/>
      </group> <!-- Regression -->
    </groups>
    <test started-at="2026-04-06T23:25:50 EDT" name="Test" finished-at="2026-04-06T23:26:03 EDT" duration-ms="13819">
      <class name="testCases.TC01_LoginTest">
        <test-method is-config="true" signature="setUP(java.lang.String,java.lang.String)[pri:0, instance:testCases.TC01_LoginTest@794cb805]" started-at="2026-04-06T23:25:50 EDT" name="setUP" finished-at="2026-04-06T23:25:54 EDT" duration-ms="3905" status="PASS">
          <params>
            <param index="0">
              <value>
                <![CDATA[Windows]]>
              </value>
            </param>
            <param index="1">
              <value>
                <![CDATA[chrome]]>
              </value>
            </param>
          </params>
          <reporter-output>
          </reporter-output>
        </test-method> <!-- setUP -->
        <test-method signature="logintestVarification()[pri:0, instance:testCases.TC01_LoginTest@794cb805]" started-at="2026-04-06T23:25:54 EDT" name="logintestVarification" finished-at="2026-04-06T23:25:55 EDT" duration-ms="1056" status="PASS">
          <reporter-output>
          </reporter-output>
        </test-method> <!-- logintestVarification -->
        <test-method is-config="true" signature="tearDown()[pri:0, instance:testCases.TC01_LoginTest@794cb805]" started-at="2026-04-06T23:25:55 EDT" name="tearDown" finished-at="2026-04-06T23:25:55 EDT" duration-ms="242" status="PASS">
          <reporter-output>
          </reporter-output>
        </test-method> <!-- tearDown -->
      </class> <!-- testCases.TC01_LoginTest -->
      <class name="testCases.TC001_Add_New_Customer">
        <test-method is-config="true" signature="setUP(java.lang.String,java.lang.String)[pri:0, instance:testCases.TC001_Add_New_Customer@60d8c9b7]" started-at="2026-04-06T23:25:55 EDT" name="setUP" finished-at="2026-04-06T23:25:57 EDT" duration-ms="1926" status="PASS">
          <params>
            <param index="0">
              <value>
                <![CDATA[Windows]]>
              </value>
            </param>
            <param index="1">
              <value>
                <![CDATA[chrome]]>
              </value>
            </param>
          </params>
          <reporter-output>
          </reporter-output>
        </test-method> <!-- setUP -->
        <test-method signature="addNewCustomer()[pri:0, instance:testCases.TC001_Add_New_Customer@60d8c9b7]" started-at="2026-04-06T23:25:57 EDT" name="addNewCustomer" finished-at="2026-04-06T23:26:03 EDT" duration-ms="6123" status="PASS">
          <reporter-output>
          </reporter-output>
        </test-method> <!-- addNewCustomer -->
        <test-method is-config="true" signature="tearDown()[pri:0, instance:testCases.TC001_Add_New_Customer@60d8c9b7]" started-at="2026-04-06T23:26:03 EDT" name="tearDown" finished-at="2026-04-06T23:26:03 EDT" duration-ms="228" status="PASS">
          <reporter-output>
          </reporter-output>
        </test-method> <!-- tearDown -->
      </class> <!-- testCases.TC001_Add_New_Customer -->
    </test> <!-- Test -->
  </suite> <!--  Master Suite -->
</testng-results>
